Determining if the pthread_create exist failed with the following output:
Change Dir: /home/facen/Desktop/SFND_Lidar_Obstacle_Detection/src/quiz/cluster/build/CMakeFiles/CMakeTmp

Run Build Command:"/usr/bin/make" "cmTC_e0ade/fast"
/usr/bin/make -f CMakeFiles/cmTC_e0ade.dir/build.make CMakeFiles/cmTC_e0ade.dir/build
make[1]: Entering directory '/home/facen/Desktop/SFND_Lidar_Obstacle_Detection/src/quiz/cluster/build/CMakeFiles/CMakeTmp'
Building C object CMakeFiles/cmTC_e0ade.dir/CheckSymbolExists.c.o
/usr/bin/cc    -o CMakeFiles/cmTC_e0ade.dir/CheckSymbolExists.c.o   -c /home/facen/Desktop/SFND_Lidar_Obstacle_Detection/src/quiz/cluster/build/CMakeFiles/CMakeTmp/CheckSymbolExists.c
Linking C executable cmTC_e0ade
/usr/bin/cmake -E cmake_link_script CMakeFiles/cmTC_e0ade.dir/link.txt --verbose=1
/usr/bin/cc      -rdynamic CMakeFiles/cmTC_e0ade.dir/CheckSymbolExists.c.o  -o cmTC_e0ade 
CMakeFiles/cmTC_e0ade.dir/CheckSymbolExists.c.o: In function `main':
CheckSymbolExists.c:(.text+0x1b): undefined reference to `pthread_create'
collect2: error: ld returned 1 exit status
CMakeFiles/cmTC_e0ade.dir/build.make:97: recipe for target 'cmTC_e0ade' failed
make[1]: *** [cmTC_e0ade] Error 1
make[1]: Leaving directory '/home/facen/Desktop/SFND_Lidar_Obstacle_Detection/src/quiz/cluster/build/CMakeFiles/CMakeTmp'
Makefile:126: recipe for target 'cmTC_e0ade/fast' failed
make: *** [cmTC_e0ade/fast] Error 2

File /home/facen/Desktop/SFND_Lidar_Obstacle_Detection/src/quiz/cluster/build/CMakeFiles/CMakeTmp/CheckSymbolExists.c:
/* */
#include <pthread.h>

int main(int argc, char** argv)
{
  (void)argv;
#ifndef pthread_create
  return ((int*)(&pthread_create))[argc];
#else
  (void)argc;
  return 0;
#endif
}

Determining if the function pthread_create exists in the pthreads failed with the following output:
Change Dir: /home/facen/Desktop/SFND_Lidar_Obstacle_Detection/src/quiz/cluster/build/CMakeFiles/CMakeTmp

Run Build Command:"/usr/bin/make" "cmTC_dceb3/fast"
/usr/bin/make -f CMakeFiles/cmTC_dceb3.dir/build.make CMakeFiles/cmTC_dceb3.dir/build
make[1]: Entering directory '/home/facen/Desktop/SFND_Lidar_Obstacle_Detection/src/quiz/cluster/build/CMakeFiles/CMakeTmp'
Building C object CMakeFiles/cmTC_dceb3.dir/CheckFunctionExists.c.o
/usr/bin/cc   -DCHECK_FUNCTION_EXISTS=pthread_create   -o CMakeFiles/cmTC_dceb3.dir/CheckFunctionExists.c.o   -c /usr/share/cmake-3.10/Modules/CheckFunctionExists.c
Linking C executable cmTC_dceb3
/usr/bin/cmake -E cmake_link_script CMakeFiles/cmTC_dceb3.dir/link.txt --verbose=1
/usr/bin/cc  -DCHECK_FUNCTION_EXISTS=pthread_create    -rdynamic CMakeFiles/cmTC_dceb3.dir/CheckFunctionExists.c.o  -o cmTC_dceb3 -lpthreads 
/usr/bin/ld: cannot find -lpthreads
collect2: error: ld returned 1 exit status
CMakeFiles/cmTC_dceb3.dir/build.make:97: recipe for target 'cmTC_dceb3' failed
make[1]: *** [cmTC_dceb3] Error 1
make[1]: Leaving directory '/home/facen/Desktop/SFND_Lidar_Obstacle_Detection/src/quiz/cluster/build/CMakeFiles/CMakeTmp'
Makefile:126: recipe for target 'cmTC_dceb3/fast' failed
make: *** [cmTC_dceb3/fast] Error 2


