Determining if the pthread_create exist failed with the following output:
Change Dir: /home/facen/Desktop/SFND_Lidar_Obstacle_Detection/build/CMakeFiles/CMakeTmp

Run Build Command:"/usr/bin/make" "cmTC_120c3/fast"
/usr/bin/make -f CMakeFiles/cmTC_120c3.dir/build.make CMakeFiles/cmTC_120c3.dir/build
make[1]: Entering directory '/home/facen/Desktop/SFND_Lidar_Obstacle_Detection/build/CMakeFiles/CMakeTmp'
Building C object CMakeFiles/cmTC_120c3.dir/CheckSymbolExists.c.o
/usr/bin/gcc    -o CMakeFiles/cmTC_120c3.dir/CheckSymbolExists.c.o   -c /home/facen/Desktop/SFND_Lidar_Obstacle_Detection/build/CMakeFiles/CMakeTmp/CheckSymbolExists.c
Linking C executable cmTC_120c3
/usr/bin/cmake -E cmake_link_script CMakeFiles/cmTC_120c3.dir/link.txt --verbose=1
/usr/bin/gcc      -rdynamic CMakeFiles/cmTC_120c3.dir/CheckSymbolExists.c.o  -o cmTC_120c3 
CMakeFiles/cmTC_120c3.dir/CheckSymbolExists.c.o: In function `main':
CheckSymbolExists.c:(.text+0x1b): undefined reference to `pthread_create'
collect2: error: ld returned 1 exit status
CMakeFiles/cmTC_120c3.dir/build.make:97: recipe for target 'cmTC_120c3' failed
make[1]: *** [cmTC_120c3] Error 1
make[1]: Leaving directory '/home/facen/Desktop/SFND_Lidar_Obstacle_Detection/build/CMakeFiles/CMakeTmp'
Makefile:126: recipe for target 'cmTC_120c3/fast' failed
make: *** [cmTC_120c3/fast] Error 2

File /home/facen/Desktop/SFND_Lidar_Obstacle_Detection/build/CMakeFiles/CMakeTmp/CheckSymbolExists.c:
/* */
#include <pthread.h>

int main(int argc, char** argv)
{
  (void)argv;
#ifndef pthread_create
  return ((int*)(&pthread_create))[argc];
#else
  (void)argc;
  return 0;
#endif
}

Determining if the function pthread_create exists in the pthreads failed with the following output:
Change Dir: /home/facen/Desktop/SFND_Lidar_Obstacle_Detection/build/CMakeFiles/CMakeTmp

Run Build Command:"/usr/bin/make" "cmTC_fb7aa/fast"
/usr/bin/make -f CMakeFiles/cmTC_fb7aa.dir/build.make CMakeFiles/cmTC_fb7aa.dir/build
make[1]: Entering directory '/home/facen/Desktop/SFND_Lidar_Obstacle_Detection/build/CMakeFiles/CMakeTmp'
Building C object CMakeFiles/cmTC_fb7aa.dir/CheckFunctionExists.c.o
/usr/bin/gcc   -DCHECK_FUNCTION_EXISTS=pthread_create   -o CMakeFiles/cmTC_fb7aa.dir/CheckFunctionExists.c.o   -c /usr/share/cmake-3.10/Modules/CheckFunctionExists.c
Linking C executable cmTC_fb7aa
/usr/bin/cmake -E cmake_link_script CMakeFiles/cmTC_fb7aa.dir/link.txt --verbose=1
/usr/bin/gcc  -DCHECK_FUNCTION_EXISTS=pthread_create    -rdynamic CMakeFiles/cmTC_fb7aa.dir/CheckFunctionExists.c.o  -o cmTC_fb7aa -lpthreads 
/usr/bin/ld: cannot find -lpthreads
collect2: error: ld returned 1 exit status
CMakeFiles/cmTC_fb7aa.dir/build.make:97: recipe for target 'cmTC_fb7aa' failed
make[1]: *** [cmTC_fb7aa] Error 1
make[1]: Leaving directory '/home/facen/Desktop/SFND_Lidar_Obstacle_Detection/build/CMakeFiles/CMakeTmp'
Makefile:126: recipe for target 'cmTC_fb7aa/fast' failed
make: *** [cmTC_fb7aa/fast] Error 2


